<?xml version="1.0" encoding="UTF-8"?>
<!-- Generated by org.testng.reporters.JUnitXMLReporter -->
<testsuite ignored="0" hostname="DESKTOP-M12GQPD" failures="1" tests="2" name="Test(failed)" time="43.449" errors="0" timestamp="2025-03-06T18:27:59 SAST">
  <testcase classname="testCases.TC001_AccountRegistrationTest" name="verify_account_registration" time="5.8">
    <failure type="java.lang.AssertionError" message="expected [Your Account Has Been Created!!] but found [Your Account Has Been Created!]">
      <![CDATA[java.lang.AssertionError: expected [Your Account Has Been Created!!] but found [Your Account Has Been Created!]
at testCases.TC001_AccountRegistrationTest.verify_account_registration(TC001_AccountRegistrationTest.java:41)
at java.base/java.util.ArrayList.forEach(ArrayList.java:1597)
... Removed 31 stack frames]]>
    </failure>
  </testcase> <!-- verify_account_registration -->
  <testcase classname="testCases.TC002_LoginTest" name="verify_login" time="4.084"/>
</testsuite> <!-- Test(failed) -->
