<?xml version="1.0" encoding="UTF-8"?>
<testng-results ignored="0" total="2" passed="2" failed="0" skipped="0">
  <reporter-output>
  </reporter-output>
  <suite started-at="2025-03-08T12:45:37 SAST" name="MosterSuite" finished-at="2025-03-08T12:46:08 SAST" duration-ms="30251">
    <groups>
      <group name="Master">
        <method signature="TC001_AccountRegistrationTest.verify_account_registration()[pri:0, instance:testCases.TC001_AccountRegistrationTest@34c01041]" name="verify_account_registration" class="testCases.TC001_AccountRegistrationTest"/>
        <method signature="TC002_LoginTest.verify_login()[pri:0, instance:testCases.TC002_LoginTest@545b995e]" name="verify_login" class="testCases.TC002_LoginTest"/>
      </group> <!-- Master -->
      <group name="Regression">
        <method signature="TC001_AccountRegistrationTest.verify_account_registration()[pri:0, instance:testCases.TC001_AccountRegistrationTest@34c01041]" name="verify_account_registration" class="testCases.TC001_AccountRegistrationTest"/>
      </group> <!-- Regression -->
      <group name="sanity">
        <method signature="TC002_LoginTest.verify_login()[pri:0, instance:testCases.TC002_LoginTest@545b995e]" name="verify_login" class="testCases.TC002_LoginTest"/>
      </group> <!-- sanity -->
    </groups>
    <test started-at="2025-03-08T12:45:37 SAST" name="Test" finished-at="2025-03-08T12:46:08 SAST" duration-ms="30251">
      <class name="testCases.TC002_LoginTest">
        <test-method is-config="true" signature="setup(java.lang.String,java.lang.String)[pri:0, instance:testCases.TC002_LoginTest@545b995e]" started-at="2025-03-08T12:45:55 SAST" name="setup" finished-at="2025-03-08T12:46:03 SAST" duration-ms="8213" status="PASS">
          <params>
            <param index="0">
              <value>
                <![CDATA[Window]]>
              </value>
            </param>
            <param index="1">
              <value>
                <![CDATA[Chrome]]>
              </value>
            </param>
          </params>
          <reporter-output>
          </reporter-output>
        </test-method> <!-- setup -->
        <test-method signature="verify_login()[pri:0, instance:testCases.TC002_LoginTest@545b995e]" started-at="2025-03-08T12:46:03 SAST" name="verify_login" finished-at="2025-03-08T12:46:07 SAST" duration-ms="3705" status="PASS">
          <reporter-output>
          </reporter-output>
        </test-method> <!-- verify_login -->
        <test-method is-config="true" signature="tearDown()[pri:0, instance:testCases.TC002_LoginTest@545b995e]" started-at="2025-03-08T12:46:07 SAST" name="tearDown" finished-at="2025-03-08T12:46:08 SAST" duration-ms="735" status="PASS">
          <reporter-output>
          </reporter-output>
        </test-method> <!-- tearDown -->
      </class> <!-- testCases.TC002_LoginTest -->
      <class name="testCases.TC001_AccountRegistrationTest">
        <test-method is-config="true" signature="setup(java.lang.String,java.lang.String)[pri:0, instance:testCases.TC001_AccountRegistrationTest@34c01041]" started-at="2025-03-08T12:45:38 SAST" name="setup" finished-at="2025-03-08T12:45:50 SAST" duration-ms="11700" status="PASS">
          <params>
            <param index="0">
              <value>
                <![CDATA[Window]]>
              </value>
            </param>
            <param index="1">
              <value>
                <![CDATA[Chrome]]>
              </value>
            </param>
          </params>
          <reporter-output>
          </reporter-output>
        </test-method> <!-- setup -->
        <test-method signature="verify_account_registration()[pri:0, instance:testCases.TC001_AccountRegistrationTest@34c01041]" started-at="2025-03-08T12:45:50 SAST" name="verify_account_registration" finished-at="2025-03-08T12:45:54 SAST" duration-ms="4665" status="PASS">
          <reporter-output>
          </reporter-output>
        </test-method> <!-- verify_account_registration -->
        <test-method is-config="true" signature="tearDown()[pri:0, instance:testCases.TC001_AccountRegistrationTest@34c01041]" started-at="2025-03-08T12:45:54 SAST" name="tearDown" finished-at="2025-03-08T12:45:55 SAST" duration-ms="381" status="PASS">
          <reporter-output>
          </reporter-output>
        </test-method> <!-- tearDown -->
      </class> <!-- testCases.TC001_AccountRegistrationTest -->
    </test> <!-- Test -->
  </suite> <!-- MosterSuite -->
</testng-results>
